<?xml version="1.0" encoding="UTF-8"?>
<!-- Generated by org.testng.reporters.JUnitReportReporter -->
<testsuite hostname="MacBook-Air-Poorva.local" failures="0" tests="7" name="TutorialsNinja.TutorialsNinjaDemo1" time="23.050" errors="1" timestamp="2022-08-21T15:56:43 EDT" skipped="3">
  <testcase classname="TutorialsNinja.TutorialsNinjaDemo1" name="checkouProductMacBook" time="0.000">
    <skipped/>
  </testcase> <!-- checkouProductMacBook -->
  <system-out/>
  <testcase classname="TutorialsNinja.TutorialsNinjaDemo1" name="accountAndBillingDetails" time="0.000">
    <skipped/>
  </testcase> <!-- accountAndBillingDetails -->
  <system-out/>
  <testcase classname="TutorialsNinja.TutorialsNinjaDemo1" name="contactUs" time="0.000">
    <skipped/>
  </testcase> <!-- contactUs -->
  <system-out/>
  <testcase classname="TutorialsNinja.TutorialsNinjaDemo1" name="checkoutIphone" time="1.405"/>
  <system-out/>
  <testcase classname="TutorialsNinja.TutorialsNinjaDemo1" name="orderCamera" time="5.885"/>
  <system-out/>
  <testcase classname="TutorialsNinja.TutorialsNinjaDemo1" name="orderProductIphone" time="5.736"/>
  <system-out/>
  <testcase classname="TutorialsNinja.TutorialsNinjaDemo1" name="orderProductMacBook" time="10.024">
    <error message="Expected condition failed: waiting for visibility of element located by By.xpath: //div//div[contains(@class,&#039;caption&#039;)]//a[contains(text(),&#039;MacBook&#039;)] (tried for 10 second(s) with 500 milliseconds interval)
Build info: version: &#039;4.3.0&#039;, revision: &#039;a4995e2c09*&#039;
System info: host: &#039;MacBook-Air-Poorva.local&#039;, ip: &#039;fe80:0:0:0:1009:5fb6:dd13:9ecc%en0&#039;, os.name: &#039;Mac OS X&#039;, os.arch: &#039;aarch64&#039;, os.version: &#039;12.3&#039;, java.version: &#039;17.0.4&#039;
Driver info: driver.version: unknown" type="org.openqa.selenium.TimeoutException">
      <![CDATA[org.openqa.selenium.TimeoutException: Expected condition failed: waiting for visibility of element located by By.xpath: //div//div[contains(@class,'caption')]//a[contains(text(),'MacBook')] (tried for 10 second(s) with 500 milliseconds interval)
Build info: version: '4.3.0', revision: 'a4995e2c09*'
System info: host: 'MacBook-Air-Poorva.local', ip: 'fe80:0:0:0:1009:5fb6:dd13:9ecc%en0', os.name: 'Mac OS X', os.arch: 'aarch64', os.version: '12.3', java.version: '17.0.4'
Driver info: driver.version: unknown
at org.openqa.selenium.support.ui.FluentWait.timeoutException(FluentWait.java:263)
at org.openqa.selenium.support.ui.FluentWait.until(FluentWait.java:231)
at TutorialsNinja.TutorialsNinjaDemo1.orderProductMacBook(TutorialsNinjaDemo1.java:227)
at java.base/jdk.internal.reflect.NativeMethodAccessorImpl.invoke0(Native Method)
at java.base/jdk.internal.reflect.NativeMethodAccessorImpl.invoke(NativeMethodAccessorImpl.java:77)
at java.base/jdk.internal.reflect.DelegatingMethodAccessorImpl.invoke(DelegatingMethodAccessorImpl.java:43)
at java.base/java.lang.reflect.Method.invoke(Method.java:568)
at org.testng.internal.invokers.MethodInvocationHelper.invokeMethod(MethodInvocationHelper.java:139)
at org.testng.internal.invokers.TestInvoker.invokeMethod(TestInvoker.java:677)
at org.testng.internal.invokers.TestInvoker.invokeTestMethod(TestInvoker.java:221)
at org.testng.internal.invokers.MethodRunner.runInSequence(MethodRunner.java:50)
at org.testng.internal.invokers.TestInvoker$MethodInvocationAgent.invoke(TestInvoker.java:962)
at org.testng.internal.invokers.TestInvoker.invokeTestMethods(TestInvoker.java:194)
at org.testng.internal.invokers.TestMethodWorker.invokeTestMethods(TestMethodWorker.java:148)
at org.testng.internal.invokers.TestMethodWorker.run(TestMethodWorker.java:128)
at java.base/java.util.ArrayList.forEach(ArrayList.java:1511)
at org.testng.TestRunner.privateRun(TestRunner.java:806)
at org.testng.TestRunner.run(TestRunner.java:601)
at org.testng.SuiteRunner.runTest(SuiteRunner.java:433)
at org.testng.SuiteRunner.runSequentially(SuiteRunner.java:427)
at org.testng.SuiteRunner.privateRun(SuiteRunner.java:387)
at org.testng.SuiteRunner.run(SuiteRunner.java:330)
at org.testng.SuiteRunnerWorker.runSuite(SuiteRunnerWorker.java:52)
at org.testng.SuiteRunnerWorker.run(SuiteRunnerWorker.java:95)
at org.testng.TestNG.runSuitesSequentially(TestNG.java:1256)
at org.testng.TestNG.runSuitesLocally(TestNG.java:1176)
at org.testng.TestNG.runSuites(TestNG.java:1099)
at org.testng.TestNG.run(TestNG.java:1067)
at org.testng.remote.AbstractRemoteTestNG.run(AbstractRemoteTestNG.java:115)
at org.testng.remote.RemoteTestNG.initAndRun(RemoteTestNG.java:251)
at org.testng.remote.RemoteTestNG.main(RemoteTestNG.java:77)
]]>
    </error>
  </testcase> <!-- orderProductMacBook -->
  <system-out/>
</testsuite> <!-- TutorialsNinja.TutorialsNinjaDemo1 -->
